###############################################################
#  Generated by:      Cadence Innovus 20.14-s095_1
#  OS:                Linux x86_64(Host ID linux10.cse.cuhk.edu.hk)
#  Generated on:      Sun Apr 20 14:53:32 2025
#  Design:            cla4
#  Command:           verify_drc
###############################################################
#set_verify_drc_mode -check_ndr_spacing auto -check_only default -check_same_via_cell false -disable_rules "" -exclude_pg_net false -ignore_cell_blockage false -ignore_trial_route false -limit 1000 -report cla4.drc.rpt -use_min_spacing_on_block_obs auto

SPACING: ( ParallelRunLength Spacing ) Special Wire of Net vdd & Pin of Cell adder0/ha_a_b/sum_reg  ( metal1 )
Bounds : ( 13.344, 18.881 ) ( 16.004, 18.935 )


SHORT: ( Metal Short ) Special Wire of Net vdd & Blockage of Cell adder3/sum_reg  ( metal1 )
Bounds : ( 19.595, 13.995 ) ( 19.660, 14.125 )


SHORT: ( Metal Short ) Special Wire of Net vdd & Blockage of Cell sum_reg[3]  ( metal1 )
Bounds : ( 19.642, 13.995 ) ( 19.708, 14.095 )


SHORT: ( Metal Short ) Special Wire of Net vdd & Blockage of Cell adder3/sum_reg  ( metal1 )
Bounds : ( 19.770, 14.101 ) ( 19.860, 14.125 )


SHORT: ( Metal Short ) Special Wire of Net vdd & Pin of Cell adder3/sum_reg  ( metal1 )
Bounds : ( 19.925, 13.995 ) ( 19.990, 14.125 )


SHORT: ( Metal Short ) Special Wire of Net gnd & Blockage of Cell sum_reg[0]  ( metal1 )
Bounds : ( 19.991, 16.521 ) ( 21.011, 16.586 )


SHORT: ( Metal Short ) Special Wire of Net gnd & Blockage of Cell sum_reg[0]  ( metal1 )
Bounds : ( 19.991, 16.521 ) ( 20.056, 16.595 )


SHORT: ( Metal Short ) Special Wire of Net gnd & Blockage of Cell adder0/sum_reg  ( metal1 )
Bounds : ( 20.059, 16.486 ) ( 20.124, 16.595 )


SHORT: ( Metal Short ) Special Wire of Net vdd & Pin of Cell sum_reg[3]  ( metal1 )
Bounds : ( 20.282, 13.995 ) ( 20.347, 14.125 )


SHORT: ( Metal Short ) Special Wire of Net vdd & Blockage of Cell sum_reg[3]  ( metal1 )
Bounds : ( 20.478, 13.995 ) ( 20.542, 14.125 )


SHORT: ( Metal Short ) Special Wire of Net gnd & Blockage of Cell sum_reg[0]  ( metal1 )
Bounds : ( 20.946, 16.521 ) ( 21.011, 16.595 )


SHORT: ( Metal Short ) Special Wire of Net vdd & Blockage of Cell sum_reg[3]  ( metal1 )
Bounds : ( 20.978, 13.995 ) ( 21.042, 14.125 )


SHORT: ( Metal Short ) Special Wire of Net vdd & Pin of Cell sum_reg[3]  ( metal1 )
Bounds : ( 21.308, 13.995 ) ( 21.372, 14.125 )


SPACING: ( ParallelRunLength Spacing ) Special Wire of Net vdd & Pin of Cell sum_reg[3]  ( metal1 )
Bounds : ( 19.438, 13.965 ) ( 19.573, 13.995 )


SPACING: ( ParallelRunLength Spacing ) Special Wire of Net vdd & Pin of Cell sum_reg[3]  ( metal1 )
Bounds : ( 19.788, 13.981 ) ( 20.282, 13.995 )


SPACING: ( ParallelRunLength Spacing ) Special Wire of Net gnd & Blockage of Cell sum_reg[0]  ( metal1 )
Bounds : ( 20.216, 16.595 ) ( 20.881, 16.651 )


SPACING: ( ParallelRunLength Spacing ) Special Wire of Net gnd & Pin of Cell sum_reg[0]  ( metal1 )
Bounds : ( 20.376, 16.421 ) ( 20.511, 16.465 )


SPACING: ( ParallelRunLength Spacing ) Special Wire of Net vdd & Blockage of Cell sum_reg[3]  ( metal1 )
Bounds : ( 21.153, 14.125 ) ( 21.243, 14.156 )


SPACING: ( ParallelRunLength Spacing ) Special Wire of Net vdd & Pin of Cell sum_reg[3]  ( metal1 )
Bounds : ( 21.222, 13.955 ) ( 21.308, 13.995 )


SPACING: ( ParallelRunLength Spacing ) Special Wire of Net vdd & Pin of Cell sum_reg[3]  ( metal1 )
Bounds : ( 21.438, 13.946 ) ( 21.515, 13.995 )


SPACING: ( ParallelRunLength Spacing ) Special Wire of Net vdd & Pin of Cell sum_reg[3]  ( metal1 )
Bounds : ( 21.515, 13.946 ) ( 21.528, 13.995 )


OFFGRID: ( Off Grid or Wrong Way ) Special Wire of Net gnd  ( metal1 )
Bounds : ( 15.052, 16.281 ) ( 15.116, 16.595 )


SHORT: ( Metal Short ) Special Wire of Net gnd & Pin of Cell adder0/ha_a_b/sum_reg  ( metal1 )
Bounds : ( 13.396, 16.563 ) ( 13.462, 16.595 )


SHORT: ( Metal Short ) Special Wire of Net gnd & Blockage of Cell adder0/ha_a_b/sum_reg  ( metal1 )
Bounds : ( 13.932, 16.573 ) ( 13.997, 16.595 )


SHORT: ( Metal Short ) Special Wire of Net gnd & Pin of Cell adder0/ha_ab_c/sum_reg  ( metal1 )
Bounds : ( 14.995, 16.465 ) ( 15.060, 16.595 )


SHORT: ( Metal Short ) Special Wire of Net gnd & Blockage of Cell adder0/ha_ab_c/sum_reg  ( metal1 )
Bounds : ( 15.400, 16.465 ) ( 15.595, 16.486 )


SHORT: ( Metal Short ) Special Wire of Net gnd & Blockage of Cell adder0/ha_ab_c/sum_reg  ( metal1 )
Bounds : ( 15.400, 16.465 ) ( 15.465, 16.595 )


SHORT: ( Metal Short ) Special Wire of Net gnd & Blockage of Cell adder0/ha_ab_c/sum_reg  ( metal1 )
Bounds : ( 15.590, 16.572 ) ( 15.655, 16.595 )


SHORT: ( Metal Short ) Special Wire of Net gnd & Blockage of Cell adder0/ha_ab_c/sum_reg  ( metal1 )
Bounds : ( 16.265, 16.465 ) ( 16.330, 16.595 )


SHORT: ( Metal Short ) Special Wire of Net gnd & Blockage of Cell adder0/ha_ab_c/sum_reg  ( metal1 )
Bounds : ( 16.490, 16.465 ) ( 17.155, 16.514 )


SHORT: ( Metal Short ) Special Wire of Net gnd & Blockage of Cell adder0/ha_ab_c/sum_reg  ( metal1 )
Bounds : ( 17.090, 16.465 ) ( 17.155, 16.595 )


SHORT: ( Metal Short ) Special Wire of Net gnd & Blockage of Cell adder0/ha_ab_c/sum_reg  ( metal1 )
Bounds : ( 17.220, 16.465 ) ( 17.285, 16.595 )


SHORT: ( Metal Short ) Special Wire of Net gnd & Pin of Cell adder0/sum_reg  ( metal1 )
Bounds : ( 17.834, 16.465 ) ( 17.899, 16.595 )


SHORT: ( Metal Short ) Special Wire of Net gnd & Blockage of Cell adder0/sum_reg  ( metal1 )
Bounds : ( 18.239, 16.588 ) ( 18.434, 16.595 )


SHORT: ( Metal Short ) Special Wire of Net gnd & Blockage of Cell adder0/sum_reg  ( metal1 )
Bounds : ( 18.369, 16.465 ) ( 18.434, 16.595 )


SHORT: ( Metal Short ) Special Wire of Net gnd & Pin of Cell sum_reg[0]  ( metal1 )
Bounds : ( 18.721, 16.465 ) ( 18.786, 16.595 )


SHORT: ( Metal Short ) Special Wire of Net gnd & Blockage of Cell adder0/sum_reg  ( metal1 )
Bounds : ( 19.104, 16.486 ) ( 19.169, 16.595 )


SHORT: ( Metal Short ) Special Wire of Net gnd & Blockage of Cell sum_reg[0]  ( metal1 )
Bounds : ( 19.256, 16.465 ) ( 19.321, 16.595 )


SPACING: ( ParallelRunLength Spacing ) Special Wire of Net gnd & Pin of Cell adder0/ha_ab_c/sum_reg  ( metal1 )
Bounds : ( 13.344, 16.411 ) ( 16.004, 16.465 )


SPACING: ( ParallelRunLength Spacing ) Special Wire of Net gnd & Blockage of Cell sum_reg[0]  ( metal1 )
Bounds : ( 19.169, 16.595 ) ( 19.256, 16.624 )


SHORT: ( Metal Short ) Special Wire of Net vdd & Pin of Cell adder3/ha_ab_c/sum_reg  ( metal1 )
Bounds : ( 16.691, 13.995 ) ( 16.756, 14.125 )


SHORT: ( Metal Short ) Special Wire of Net vdd & Blockage of Cell adder3/ha_ab_c/sum_reg  ( metal1 )
Bounds : ( 17.006, 13.995 ) ( 17.070, 14.125 )


SHORT: ( Metal Short ) Special Wire of Net vdd & Blockage of Cell adder3/ha_ab_c/sum_reg  ( metal1 )
Bounds : ( 17.135, 13.995 ) ( 17.226, 14.125 )


SHORT: ( Metal Short ) Special Wire of Net vdd & Blockage of Cell adder3/ha_ab_c/sum_reg  ( metal1 )
Bounds : ( 17.486, 13.995 ) ( 17.551, 14.125 )


SHORT: ( Metal Short ) Special Wire of Net vdd & Blockage of Cell adder3/sum_reg  ( metal1 )
Bounds : ( 17.810, 13.995 ) ( 18.325, 14.041 )


SHORT: ( Metal Short ) Special Wire of Net vdd & Blockage of Cell adder3/sum_reg  ( metal1 )
Bounds : ( 17.810, 13.995 ) ( 17.875, 14.125 )


SHORT: ( Metal Short ) Special Wire of Net vdd & Blockage of Cell adder3/sum_reg  ( metal1 )
Bounds : ( 17.940, 14.106 ) ( 18.205, 14.125 )


SHORT: ( Metal Short ) Special Wire of Net vdd & Blockage of Cell adder3/ha_ab_c/sum_reg  ( metal1 )
Bounds : ( 17.961, 13.995 ) ( 18.025, 14.125 )


SHORT: ( Metal Short ) Special Wire of Net vdd & Pin of Cell adder3/ha_ab_c/sum_reg  ( metal1 )
Bounds : ( 18.105, 13.995 ) ( 18.170, 14.125 )


SHORT: ( Metal Short ) Special Wire of Net vdd & Blockage of Cell adder3/ha_ab_c/sum_reg  ( metal1 )
Bounds : ( 18.236, 14.002 ) ( 18.301, 14.125 )


SHORT: ( Metal Short ) Special Wire of Net vdd & Blockage of Cell adder3/ha_ab_c/sum_reg  ( metal1 )
Bounds : ( 18.236, 14.071 ) ( 18.881, 14.125 )


SHORT: ( Metal Short ) Special Wire of Net vdd & Blockage of Cell adder3/ha_ab_c/sum_reg  ( metal1 )
Bounds : ( 18.615, 13.995 ) ( 18.750, 14.007 )


SHORT: ( Metal Short ) Special Wire of Net vdd & Blockage of Cell adder3/ha_ab_c/sum_reg  ( metal1 )
Bounds : ( 18.816, 13.995 ) ( 18.881, 14.125 )


SHORT: ( Metal Short ) Special Wire of Net vdd & Pin of Cell adder3/ha_ab_c/sum_reg  ( metal1 )
Bounds : ( 18.900, 13.995 ) ( 19.010, 14.125 )


SHORT: ( Metal Short ) Special Wire of Net vdd & Pin of Cell sum_reg[3]  ( metal1 )
Bounds : ( 19.052, 13.995 ) ( 19.118, 14.125 )


SHORT: ( Metal Short ) Special Wire of Net vdd & Blockage of Cell adder3/sum_reg  ( metal1 )
Bounds : ( 19.095, 13.995 ) ( 19.160, 14.116 )


SHORT: ( Metal Short ) Special Wire of Net vdd & Blockage of Cell sum_reg[3]  ( metal1 )
Bounds : ( 19.192, 13.995 ) ( 19.257, 14.125 )


SPACING: ( ParallelRunLength Spacing ) Special Wire of Net vdd & Blockage of Cell adder3/ha_ab_c/sum_reg  ( metal1 )
Bounds : ( 17.291, 13.936 ) ( 17.486, 13.995 )


SPACING: ( ParallelRunLength Spacing ) Special Wire of Net vdd & Blockage of Cell sum_reg[3]  ( metal1 )
Bounds : ( 19.118, 14.125 ) ( 19.166, 14.181 )


SPACING: ( ParallelRunLength Spacing ) Special Wire of Net vdd & Pin of Cell adder3/ha_ab_c/sum_reg  ( metal1 )
Bounds : ( 19.257, 13.965 ) ( 19.358, 13.995 )


SHORT: ( Metal Short ) Special Wire of Net vdd & Blockage of Cell adder3/ha_ab_c/sum_reg  ( metal1 )
Bounds : ( 17.615, 13.995 ) ( 17.735, 14.125 )


SHORT: ( Metal Short ) Special Wire of Net vdd & Blockage of Cell adder0/ha_ab_c/cout_reg  ( metal1 )
Bounds : ( 13.316, 13.995 ) ( 13.380, 14.125 )


SHORT: ( Metal Short ) Special Wire of Net vdd & Blockage of Cell adder0/ha_ab_c/cout_reg  ( metal1 )
Bounds : ( 13.446, 13.995 ) ( 13.705, 14.125 )


SHORT: ( Metal Short ) Special Wire of Net vdd & Blockage of Cell adder0/ha_ab_c/cout_reg  ( metal1 )
Bounds : ( 13.771, 13.997 ) ( 14.181, 14.062 )


SHORT: ( Metal Short ) Special Wire of Net vdd & Blockage of Cell adder0/ha_ab_c/cout_reg  ( metal1 )
Bounds : ( 13.771, 13.997 ) ( 13.835, 14.125 )


SHORT: ( Metal Short ) Special Wire of Net gnd & Blockage of Cell adder2/cout_reg  ( metal1 )
Bounds : ( 14.024, 11.599 ) ( 14.569, 11.655 )


SHORT: ( Metal Short ) Special Wire of Net vdd & Blockage of Cell adder0/ha_ab_c/cout_reg  ( metal1 )
Bounds : ( 14.116, 13.997 ) ( 14.181, 14.125 )


SHORT: ( Metal Short ) Special Wire of Net vdd & Pin of Cell adder0/ha_ab_c/cout_reg  ( metal1 )
Bounds : ( 14.245, 13.995 ) ( 14.380, 14.072 )


SHORT: ( Metal Short ) Special Wire of Net vdd & Blockage of Cell adder0/ha_ab_c/U3  ( metal1 )
Bounds : ( 14.257, 14.094 ) ( 14.757, 14.125 )


SHORT: ( Metal Short ) Special Wire of Net vdd & Pin of Cell adder0/ha_ab_c/U4  ( metal1 )
Bounds : ( 14.532, 13.995 ) ( 14.597, 14.125 )


SHORT: ( Metal Short ) Special Wire of Net vdd & Blockage of Cell adder0/ha_ab_c/cout_reg  ( metal1 )
Bounds : ( 14.771, 13.995 ) ( 14.835, 14.125 )


SHORT: ( Metal Short ) Special Wire of Net vdd & Pin of Cell adder0/ha_ab_c/U3  ( metal1 )
Bounds : ( 14.823, 13.995 ) ( 14.887, 14.125 )


SHORT: ( Metal Short ) Special Wire of Net vdd & Pin of Cell adder0/ha_ab_c/U4  ( metal1 )
Bounds : ( 14.837, 13.995 ) ( 14.902, 14.125 )


SHORT: ( Metal Short ) Special Wire of Net vdd & Pin of Cell adder0/ha_ab_c/U4  ( metal1 )
Bounds : ( 15.342, 13.995 ) ( 15.407, 14.125 )


SHORT: ( Metal Short ) Special Wire of Net gnd & Pin of Cell adder2/cout_reg  ( metal1 )
Bounds : ( 15.359, 11.649 ) ( 15.494, 11.655 )


SHORT: ( Metal Short ) Special Wire of Net vdd & Blockage of Cell adder0/ha_ab_c/U4  ( metal1 )
Bounds : ( 15.762, 14.001 ) ( 15.897, 14.125 )


SPACING: ( ParallelRunLength Spacing ) Special Wire of Net vdd & Blockage of Cell adder0/ha_ab_c/cout_reg  ( metal1 )
Bounds : ( 12.986, 13.987 ) ( 13.250, 13.995 )


SPACING: ( ParallelRunLength Spacing ) Special Wire of Net vdd & Blockage of Cell adder0/ha_ab_c/cout_reg  ( metal1 )
Bounds : ( 13.160, 14.125 ) ( 13.226, 14.182 )


SPACING: ( ParallelRunLength Spacing ) Special Wire of Net vdd & Pin of Cell adder0/ha_ab_c/cout_reg  ( metal1 )
Bounds : ( 13.931, 14.125 ) ( 13.995, 14.127 )


SPACING: ( ParallelRunLength Spacing ) Special Wire of Net vdd & Pin of Cell adder0/ha_ab_c/cout_reg  ( metal1 )
Bounds : ( 14.075, 13.932 ) ( 14.245, 13.995 )


SPACING: ( ParallelRunLength Spacing ) Special Wire of Net vdd & Blockage of Cell adder0/ha_ab_c/U4  ( metal1 )
Bounds : ( 14.181, 14.125 ) ( 14.771, 14.137 )


SHORT: ( Metal Short ) Special Wire of Net vdd & Blockage of Cell adder0/ha_ab_c/U3  ( metal1 )
Bounds : ( 14.257, 13.995 ) ( 14.357, 14.125 )


SHORT: ( Metal Short ) Special Wire of Net vdd & Blockage of Cell adder0/ha_ab_c/cout_reg  ( metal1 )
Bounds : ( 14.946, 13.995 ) ( 15.097, 14.125 )


SHORT: ( Metal Short ) Special Wire of Net vdd & Pin of Cell adder0/ha_ab_c/cout_reg  ( metal1 )
Bounds : ( 15.101, 13.995 ) ( 15.172, 14.125 )


SHORT: ( Metal Short ) Special Wire of Net gnd & Blockage of Cell adder0/sum_reg  ( metal1 )
Bounds : ( 19.104, 16.486 ) ( 20.124, 16.551 )


SHORT: ( Metal Short ) Special Wire of Net vdd & Blockage of Cell sum_reg[3]  ( metal1 )
Bounds : ( 19.192, 14.031 ) ( 19.708, 14.095 )


SPACING: ( ParallelRunLength Spacing ) Special Wire of Net vdd & Blockage of Cell sum_reg[3]  ( metal1 )
Bounds : ( 19.323, 14.125 ) ( 19.587, 14.160 )


SPACING: ( ParallelRunLength Spacing ) Special Wire of Net gnd & Blockage of Cell adder0/sum_reg  ( metal1 )
Bounds : ( 19.329, 16.595 ) ( 19.991, 16.615 )


OFFGRID: ( Off Grid or Wrong Way ) Special Wire of Net vdd  ( metal1 )
Bounds : ( 10.788, 18.914 ) ( 10.854, 19.065 )


OFFGRID: ( Off Grid or Wrong Way ) Special Wire of Net gnd  ( metal1 )
Bounds : ( 10.788, 16.444 ) ( 10.854, 16.595 )


SHORT: ( Metal Short ) Special Wire of Net gnd & Pin of Cell adder0/ha_a_b/cout_reg  ( metal1 )
Bounds : ( 10.045, 16.465 ) ( 10.111, 16.595 )


SHORT: ( Metal Short ) Special Wire of Net gnd & Blockage of Cell adder0/ha_a_b/cout_reg  ( metal1 )
Bounds : ( 10.186, 16.465 ) ( 10.351, 16.559 )


SHORT: ( Metal Short ) Special Wire of Net gnd & Blockage of Cell adder0/ha_a_b/cout_reg  ( metal1 )
Bounds : ( 10.186, 16.465 ) ( 10.250, 16.595 )


SHORT: ( Metal Short ) Special Wire of Net gnd & Pin of Cell adder0/ha_a_b/cout_reg  ( metal1 )
Bounds : ( 10.431, 16.494 ) ( 10.566, 16.559 )


SHORT: ( Metal Short ) Special Wire of Net gnd & Pin of Cell adder0/ha_a_b/cout_reg  ( metal1 )
Bounds : ( 10.500, 16.465 ) ( 10.566, 16.559 )


SHORT: ( Metal Short ) Special Wire of Net gnd & Blockage of Cell adder0/ha_a_b/cout_reg  ( metal1 )
Bounds : ( 10.635, 16.465 ) ( 10.700, 16.595 )


SHORT: ( Metal Short ) Special Wire of Net gnd & Pin of Cell adder0/ha_a_b/cout_reg  ( metal1 )
Bounds : ( 10.781, 16.465 ) ( 10.976, 16.574 )


SHORT: ( Metal Short ) Special Wire of Net gnd & Pin of Cell adder0/ha_a_b/cout_reg  ( metal1 )
Bounds : ( 10.781, 16.509 ) ( 11.340, 16.574 )


SHORT: ( Metal Short ) Special Wire of Net gnd & Pin of Cell adder0/ha_a_b/cout_reg  ( metal1 )
Bounds : ( 11.205, 16.465 ) ( 11.340, 16.574 )


SHORT: ( Metal Short ) Special Wire of Net gnd & Pin of Cell adder0/ha_a_b/cout_reg  ( metal1 )
Bounds : ( 11.276, 16.465 ) ( 11.340, 16.595 )


SHORT: ( Metal Short ) Special Wire of Net gnd & Blockage of Cell adder0/ha_a_b/cout_reg  ( metal1 )
Bounds : ( 11.470, 16.444 ) ( 11.535, 16.595 )


SHORT: ( Metal Short ) Special Wire of Net gnd & Blockage of Cell adder0/ha_a_b/cout_reg  ( metal1 )
Bounds : ( 11.970, 16.465 ) ( 12.035, 16.595 )


SHORT: ( Metal Short ) Special Wire of Net gnd & Pin of Cell adder0/ha_a_b/cout_reg  ( metal1 )
Bounds : ( 12.215, 16.484 ) ( 12.366, 16.549 )


SHORT: ( Metal Short ) Special Wire of Net gnd & Pin of Cell adder0/ha_a_b/cout_reg  ( metal1 )
Bounds : ( 12.300, 16.484 ) ( 12.366, 16.595 )


SHORT: ( Metal Short ) Special Wire of Net gnd & Pin of Cell adder0/ha_a_b/cout_reg  ( metal1 )
Bounds : ( 12.431, 16.465 ) ( 12.508, 16.539 )


SPACING: ( ParallelRunLength Spacing ) Special Wire of Net gnd & Blockage of Cell adder0/ha_a_b/cout_reg  ( metal1 )
Bounds : ( 10.250, 16.595 ) ( 10.635, 16.624 )


SPACING: ( ParallelRunLength Spacing ) Special Wire of Net gnd & Blockage of Cell adder0/ha_a_b/U4  ( metal1 )
Bounds : ( 10.841, 16.595 ) ( 10.976, 16.639 )


SPACING: ( ParallelRunLength Spacing ) Special Wire of Net gnd & Pin of Cell adder0/ha_a_b/cout_reg  ( metal1 )
Bounds : ( 12.498, 16.595 ) ( 12.521, 16.634 )


SPACING: ( ParallelRunLength Spacing ) Special Wire of Net gnd & Pin of Cell adder0/ha_a_b/cout_reg  ( metal1 )
Bounds : ( 12.521, 16.595 ) ( 12.585, 16.634 )


SHORT: ( Metal Short ) Special Wire of Net gnd & Blockage of Cell sum_reg[1]  ( metal1 )
Bounds : ( 6.524, 16.465 ) ( 6.589, 16.595 )


SHORT: ( Metal Short ) Special Wire of Net gnd & Blockage of Cell sum_reg[1]  ( metal1 )
Bounds : ( 6.654, 16.465 ) ( 6.719, 16.595 )


SHORT: ( Metal Short ) Special Wire of Net gnd & Blockage of Cell adder1/sum_reg  ( metal1 )
Bounds : ( 6.666, 16.465 ) ( 7.331, 16.500 )


SHORT: ( Metal Short ) Special Wire of Net gnd & Pin of Cell adder1/ha_ab_c/sum_reg  ( metal1 )
Bounds : ( 7.190, 16.465 ) ( 7.255, 16.595 )


SHORT: ( Metal Short ) Special Wire of Net gnd & Blockage of Cell adder1/sum_reg  ( metal1 )
Bounds : ( 7.266, 16.465 ) ( 7.331, 16.595 )


SHORT: ( Metal Short ) Special Wire of Net gnd & Blockage of Cell adder1/sum_reg  ( metal1 )
Bounds : ( 7.396, 16.465 ) ( 7.460, 16.595 )


SHORT: ( Metal Short ) Special Wire of Net gnd & Blockage of Cell adder1/ha_ab_c/sum_reg  ( metal1 )
Bounds : ( 7.595, 16.465 ) ( 7.660, 16.595 )


SHORT: ( Metal Short ) Special Wire of Net gnd & Blockage of Cell adder1/ha_ab_c/sum_reg  ( metal1 )
Bounds : ( 7.785, 16.465 ) ( 7.850, 16.595 )


SHORT: ( Metal Short ) Special Wire of Net gnd & Blockage of Cell adder1/ha_ab_c/sum_reg  ( metal1 )
Bounds : ( 8.460, 16.465 ) ( 8.525, 16.595 )


SHORT: ( Metal Short ) Special Wire of Net gnd & Blockage of Cell adder1/ha_ab_c/sum_reg  ( metal1 )
Bounds : ( 8.615, 16.524 ) ( 8.680, 16.595 )


SHORT: ( Metal Short ) Special Wire of Net gnd & Blockage of Cell adder1/ha_ab_c/sum_reg  ( metal1 )
Bounds : ( 9.285, 16.465 ) ( 9.350, 16.595 )


SHORT: ( Metal Short ) Special Wire of Net gnd & Blockage of Cell adder1/ha_ab_c/sum_reg  ( metal1 )
Bounds : ( 9.415, 16.465 ) ( 9.480, 16.595 )


SPACING: ( ParallelRunLength Spacing ) Special Wire of Net gnd & Blockage of Cell adder1/sum_reg  ( metal1 )
Bounds : ( 6.595, 16.595 ) ( 6.654, 16.654 )


SHORT: ( Metal Short ) Special Wire of Net vdd & Pin of Cell adder0/cout_reg  ( metal1 )
Bounds : ( 9.849, 13.995 ) ( 10.244, 14.005 )


SHORT: ( Metal Short ) Special Wire of Net vdd & Pin of Cell adder0/cout_reg  ( metal1 )
Bounds : ( 9.849, 13.995 ) ( 9.914, 14.125 )


SHORT: ( Metal Short ) Special Wire of Net vdd & Blockage of Cell adder0/cout_reg  ( metal1 )
Bounds : ( 10.164, 14.071 ) ( 10.229, 14.125 )


SHORT: ( Metal Short ) Special Wire of Net vdd & Blockage of Cell adder0/cout_reg  ( metal1 )
Bounds : ( 10.319, 13.995 ) ( 10.384, 14.125 )


SHORT: ( Metal Short ) Special Wire of Net vdd & Blockage of Cell adder0/cout_reg  ( metal1 )
Bounds : ( 10.449, 13.995 ) ( 10.709, 14.125 )


SHORT: ( Metal Short ) Special Wire of Net vdd & Blockage of Cell adder0/cout_reg  ( metal1 )
Bounds : ( 10.774, 13.995 ) ( 10.839, 14.125 )


SHORT: ( Metal Short ) Special Wire of Net vdd & Blockage of Cell adder0/cout_reg  ( metal1 )
Bounds : ( 11.119, 13.995 ) ( 11.184, 14.125 )


SHORT: ( Metal Short ) Special Wire of Net vdd & Blockage of Cell adder0/cout_reg  ( metal1 )
Bounds : ( 11.119, 14.026 ) ( 11.839, 14.090 )


SHORT: ( Metal Short ) Special Wire of Net vdd & Blockage of Cell adder0/U3  ( metal1 )
Bounds : ( 11.415, 13.995 ) ( 11.481, 14.125 )


SHORT: ( Metal Short ) Special Wire of Net vdd & Blockage of Cell adder0/cout_reg  ( metal1 )
Bounds : ( 11.774, 13.995 ) ( 11.839, 14.125 )


SHORT: ( Metal Short ) Special Wire of Net vdd & Blockage of Cell adder0/cout_reg  ( metal1 )
Bounds : ( 11.949, 13.995 ) ( 12.039, 14.090 )


SHORT: ( Metal Short ) Special Wire of Net vdd & Blockage of Cell adder0/cout_reg  ( metal1 )
Bounds : ( 11.974, 13.995 ) ( 12.039, 14.125 )


SHORT: ( Metal Short ) Special Wire of Net vdd & Pin of Cell adder0/U3  ( metal1 )
Bounds : ( 12.071, 13.995 ) ( 12.181, 14.125 )


SHORT: ( Metal Short ) Special Wire of Net vdd & Pin of Cell adder0/ha_ab_c/cout_reg  ( metal1 )
Bounds : ( 12.845, 13.995 ) ( 12.910, 14.125 )


SPACING: ( ParallelRunLength Spacing ) Special Wire of Net vdd & Blockage of Cell adder0/cout_reg  ( metal1 )
Bounds : ( 10.294, 14.125 ) ( 10.319, 14.156 )


SPACING: ( ParallelRunLength Spacing ) Special Wire of Net vdd & Blockage of Cell adder0/cout_reg  ( metal1 )
Bounds : ( 10.839, 13.950 ) ( 11.119, 13.995 )


SPACING: ( ParallelRunLength Spacing ) Special Wire of Net vdd & Pin of Cell adder0/cout_reg  ( metal1 )
Bounds : ( 11.249, 13.960 ) ( 11.384, 13.995 )


SPACING: ( ParallelRunLength Spacing ) Special Wire of Net vdd & Pin of Cell adder0/cout_reg  ( metal1 )
Bounds : ( 11.264, 14.125 ) ( 11.329, 14.156 )


SPACING: ( ParallelRunLength Spacing ) Special Wire of Net vdd & Pin of Cell adder0/U3  ( metal1 )
Bounds : ( 11.856, 14.125 ) ( 11.909, 14.156 )


SHORT: ( Metal Short ) Special Wire of Net vdd & Blockage of Cell adder1/ha_a_b/sum_reg  ( metal1 )
Bounds : ( 6.595, 14.009 ) ( 7.005, 14.073 )


SHORT: ( Metal Short ) Special Wire of Net vdd & Blockage of Cell adder1/ha_a_b/sum_reg  ( metal1 )
Bounds : ( 6.595, 14.009 ) ( 6.660, 14.125 )


SHORT: ( Metal Short ) Special Wire of Net vdd & Blockage of Cell adder1/ha_a_b/sum_reg  ( metal1 )
Bounds : ( 6.940, 14.009 ) ( 7.005, 14.125 )


SHORT: ( Metal Short ) Special Wire of Net vdd & Pin of Cell adder1/ha_a_b/sum_reg  ( metal1 )
Bounds : ( 7.070, 13.995 ) ( 7.205, 14.083 )


SHORT: ( Metal Short ) Special Wire of Net vdd & Blockage of Cell adder1/ha_a_b/sum_reg  ( metal1 )
Bounds : ( 7.595, 13.995 ) ( 7.660, 14.125 )


SHORT: ( Metal Short ) Special Wire of Net vdd & Blockage of Cell adder1/ha_a_b/sum_reg  ( metal1 )
Bounds : ( 7.770, 13.995 ) ( 7.860, 14.125 )


SHORT: ( Metal Short ) Special Wire of Net vdd & Pin of Cell adder1/ha_a_b/sum_reg  ( metal1 )
Bounds : ( 7.925, 13.995 ) ( 7.990, 14.125 )


SHORT: ( Metal Short ) Special Wire of Net vdd & Blockage of Cell adder1/ha_ab_c/U4  ( metal1 )
Bounds : ( 8.111, 13.995 ) ( 8.176, 14.125 )


SHORT: ( Metal Short ) Special Wire of Net vdd & Pin of Cell adder1/ha_ab_c/U4  ( metal1 )
Bounds : ( 8.786, 13.995 ) ( 8.906, 14.125 )


SHORT: ( Metal Short ) Special Wire of Net vdd & Blockage of Cell adder1/ha_ab_c/U4  ( metal1 )
Bounds : ( 9.126, 13.995 ) ( 9.191, 14.125 )


SHORT: ( Metal Short ) Special Wire of Net vdd & Blockage of Cell adder1/ha_ab_c/U4  ( metal1 )
Bounds : ( 9.616, 13.995 ) ( 9.681, 14.125 )


SPACING: ( ParallelRunLength Spacing ) Special Wire of Net vdd & Pin of Cell adder1/ha_a_b/sum_reg  ( metal1 )
Bounds : ( 6.755, 14.125 ) ( 6.820, 14.139 )


SPACING: ( ParallelRunLength Spacing ) Special Wire of Net vdd & Pin of Cell adder1/ha_a_b/sum_reg  ( metal1 )
Bounds : ( 6.900, 13.943 ) ( 7.070, 13.995 )


SPACING: ( ParallelRunLength Spacing ) Special Wire of Net vdd & Blockage of Cell adder1/ha_a_b/sum_reg  ( metal1 )
Bounds : ( 7.005, 14.125 ) ( 7.595, 14.149 )


SPACING: ( ParallelRunLength Spacing ) Special Wire of Net vdd & Blockage of Cell adder1/ha_ab_c/U3  ( metal1 )
Bounds : ( 8.379, 13.975 ) ( 8.444, 13.995 )


SPACING: ( ParallelRunLength Spacing ) Special Wire of Net vdd & Pin of Cell adder1/ha_ab_c/U4  ( metal1 )
Bounds : ( 8.906, 13.975 ) ( 8.924, 13.995 )


SPACING: ( ParallelRunLength Spacing ) Special Wire of Net vdd & Pin of Cell adder1/ha_ab_c/U4  ( metal1 )
Bounds : ( 9.321, 13.948 ) ( 9.341, 13.995 )


SPACING: ( ParallelRunLength Spacing ) Special Wire of Net vdd & Pin of Cell adder1/ha_ab_c/U4  ( metal1 )
Bounds : ( 9.341, 13.948 ) ( 9.476, 13.995 )


OFFGRID: ( Off Grid or Wrong Way ) Special Wire of Net vdd  ( metal1 )
Bounds : ( 9.256, 13.995 ) ( 9.321, 15.120 )


OFFGRID: ( Off Grid or Wrong Way ) Special Wire of Net vdd  ( metal1 )
Bounds : ( 10.934, 13.995 ) ( 10.999, 14.828 )


OFFGRID: ( Off Grid or Wrong Way ) Special Wire of Net vdd  ( metal1 )
Bounds : ( 11.790, 13.995 ) ( 11.856, 15.215 )


SHORT: ( Metal Short ) Special Wire of Net gnd & Pin of Cell sum_reg[1]  ( metal1 )
Bounds : ( 4.429, 16.465 ) ( 4.494, 16.595 )


SHORT: ( Metal Short ) Special Wire of Net vdd & Blockage of Cell adder1/ha_a_b/U4  ( metal1 )
Bounds : ( 4.570, 13.995 ) ( 4.635, 14.125 )


SHORT: ( Metal Short ) Special Wire of Net gnd & Blockage of Cell sum_reg[1]  ( metal1 )
Bounds : ( 4.834, 16.465 ) ( 4.899, 16.595 )


SHORT: ( Metal Short ) Special Wire of Net gnd & Blockage of Cell sum_reg[1]  ( metal1 )
Bounds : ( 5.024, 16.481 ) ( 5.089, 16.595 )


SHORT: ( Metal Short ) Special Wire of Net gnd & Pin of Cell adder1/sum_reg  ( metal1 )
Bounds : ( 5.170, 16.465 ) ( 5.235, 16.595 )


SHORT: ( Metal Short ) Special Wire of Net gnd & Blockage of Cell adder1/sum_reg  ( metal1 )
Bounds : ( 5.576, 16.465 ) ( 5.771, 16.472 )


SHORT: ( Metal Short ) Special Wire of Net gnd & Blockage of Cell adder1/sum_reg  ( metal1 )
Bounds : ( 5.576, 16.465 ) ( 5.641, 16.595 )


SHORT: ( Metal Short ) Special Wire of Net vdd & Pin of Cell adder1/ha_a_b/sum_reg  ( metal1 )
Bounds : ( 5.670, 13.995 ) ( 5.735, 14.125 )


SHORT: ( Metal Short ) Special Wire of Net vdd & Pin of Cell adder1/ha_a_b/sum_reg  ( metal1 )
Bounds : ( 5.670, 14.064 ) ( 6.065, 14.125 )


SHORT: ( Metal Short ) Special Wire of Net gnd & Blockage of Cell sum_reg[1]  ( metal1 )
Bounds : ( 5.699, 16.465 ) ( 5.764, 16.595 )


SHORT: ( Metal Short ) Special Wire of Net gnd & Blockage of Cell adder1/sum_reg  ( metal1 )
Bounds : ( 5.766, 16.557 ) ( 5.831, 16.595 )


SHORT: ( Metal Short ) Special Wire of Net vdd & Blockage of Cell adder1/ha_a_b/sum_reg  ( metal1 )
Bounds : ( 5.810, 13.995 ) ( 6.075, 13.998 )


SHORT: ( Metal Short ) Special Wire of Net gnd & Blockage of Cell sum_reg[1]  ( metal1 )
Bounds : ( 5.854, 16.579 ) ( 5.919, 16.595 )


SHORT: ( Metal Short ) Special Wire of Net vdd & Blockage of Cell adder1/ha_a_b/U4  ( metal1 )
Bounds : ( 6.075, 13.995 ) ( 6.140, 14.125 )


SHORT: ( Metal Short ) Special Wire of Net vdd & Blockage of Cell adder1/ha_a_b/sum_reg  ( metal1 )
Bounds : ( 6.140, 13.995 ) ( 6.205, 14.125 )


SPACING: ( ParallelRunLength Spacing ) Special Wire of Net vdd & Pin of Cell adder1/ha_a_b/U3  ( metal1 )
Bounds : ( 4.635, 13.943 ) ( 5.650, 13.995 )


SPACING: ( ParallelRunLength Spacing ) Special Wire of Net vdd & Blockage of Cell adder1/ha_a_b/U4  ( metal1 )
Bounds : ( 5.600, 13.988 ) ( 5.665, 13.995 )


SPACING: ( ParallelRunLength Spacing ) Special Wire of Net gnd & Pin of Cell adder1/sum_reg  ( metal1 )
Bounds : ( 5.891, 16.437 ) ( 5.956, 16.465 )


SHORT: ( Metal Short ) Special Wire of Net vdd & Blockage of Cell adder1/ha_a_b/sum_reg  ( metal1 )
Bounds : ( 6.270, 13.995 ) ( 6.530, 14.125 )


SHORT: ( Metal Short ) Special Wire of Net gnd & Blockage of Cell adder1/sum_reg  ( metal1 )
Bounds : ( 6.440, 16.465 ) ( 6.505, 16.595 )


SPACING: ( ParallelRunLength Spacing ) Special Wire of Net gnd & Blockage of Cell adder1/sum_reg  ( metal1 )
Bounds : ( 5.924, 16.424 ) ( 6.524, 16.465 )


OFFGRID: ( Off Grid or Wrong Way ) Special Wire of Net vdd  ( metal1 )
Bounds : ( 11.026, 17.771 ) ( 11.091, 19.065 )


OFFGRID: ( Off Grid or Wrong Way ) Special Wire of Net vdd  ( metal1 )
Bounds : ( 11.986, 17.997 ) ( 12.051, 19.065 )


SHORT: ( Metal Short ) Special Wire of Net vdd & Pin of Cell adder0/ha_ab_c/cout_reg  ( metal1 )
Bounds : ( 12.845, 14.052 ) ( 13.241, 14.117 )


SPACING: ( ParallelRunLength Spacing ) Special Wire of Net gnd & Pin of Cell adder2/ha_ab_c/cout_reg  ( metal1 )
Bounds : ( 10.291, 11.655 ) ( 12.951, 11.714 )


SHORT: ( Metal Short ) Special Wire of Net gnd & Pin of Cell adder3/ha_a_b/cout_reg  ( metal1 )
Bounds : ( 19.456, 6.585 ) ( 19.521, 6.715 )


SHORT: ( Metal Short ) Special Wire of Net gnd & Pin of Cell adder3/ha_a_b/cout_reg  ( metal1 )
Bounds : ( 19.456, 6.679 ) ( 20.361, 6.715 )


SHORT: ( Metal Short ) Special Wire of Net vdd & Pin of Cell adder3/ha_ab_c/cout_reg  ( metal1 )
Bounds : ( 19.466, 9.073 ) ( 19.544, 9.185 )


SHORT: ( Metal Short ) Special Wire of Net gnd & Blockage of Cell adder3/ha_a_b/cout_reg  ( metal1 )
Bounds : ( 19.587, 6.585 ) ( 20.232, 6.614 )


SHORT: ( Metal Short ) Special Wire of Net vdd & Blockage of Cell adder3/ha_a_b/sum_reg  ( metal1 )
Bounds : ( 19.587, 9.055 ) ( 19.653, 9.185 )


SHORT: ( Metal Short ) Special Wire of Net gnd & Blockage of Cell adder3/ha_a_b/U4  ( metal1 )
Bounds : ( 19.681, 6.585 ) ( 19.746, 6.715 )


SHORT: ( Metal Short ) Special Wire of Net vdd & Pin of Cell adder3/ha_a_b/sum_reg  ( metal1 )
Bounds : ( 19.772, 9.055 ) ( 19.837, 9.185 )


SHORT: ( Metal Short ) Special Wire of Net gnd & Pin of Cell adder3/ha_a_b/U3  ( metal1 )
Bounds : ( 19.833, 6.585 ) ( 19.898, 6.715 )


SHORT: ( Metal Short ) Special Wire of Net gnd & Blockage of Cell adder3/ha_a_b/U3  ( metal1 )
Bounds : ( 20.128, 6.585 ) ( 20.193, 6.715 )


SHORT: ( Metal Short ) Special Wire of Net vdd & Pin of Cell adder3/ha_a_b/sum_reg  ( metal1 )
Bounds : ( 20.138, 9.055 ) ( 20.202, 9.185 )


SHORT: ( Metal Short ) Special Wire of Net vdd & Blockage of Cell adder3/ha_a_b/sum_reg  ( metal1 )
Bounds : ( 20.323, 9.142 ) ( 21.343, 9.185 )


SHORT: ( Metal Short ) Special Wire of Net gnd & Pin of Cell adder3/ha_a_b/cout_reg  ( metal1 )
Bounds : ( 20.517, 6.585 ) ( 20.581, 6.715 )


SHORT: ( Metal Short ) Special Wire of Net gnd & Pin of Cell adder3/ha_a_b/U3  ( metal1 )
Bounds : ( 20.608, 6.585 ) ( 20.673, 6.715 )


SHORT: ( Metal Short ) Special Wire of Net gnd & Blockage of Cell adder3/ha_a_b/U4  ( metal1 )
Bounds : ( 20.696, 6.585 ) ( 20.761, 6.715 )


SHORT: ( Metal Short ) Special Wire of Net gnd & Pin of Cell adder3/ha_a_b/U4  ( metal1 )
Bounds : ( 20.911, 6.585 ) ( 21.046, 6.660 )


SHORT: ( Metal Short ) Special Wire of Net gnd & Blockage of Cell adder3/ha_a_b/U4  ( metal1 )
Bounds : ( 21.186, 6.585 ) ( 21.251, 6.715 )


SHORT: ( Metal Short ) Special Wire of Net vdd & Pin of Cell adder3/ha_a_b/sum_reg  ( metal1 )
Bounds : ( 21.528, 9.055 ) ( 21.593, 9.185 )


SPACING: ( ParallelRunLength Spacing ) Special Wire of Net vdd & Pin of Cell adder3/ha_ab_c/cout_reg  ( metal1 )
Bounds : ( 19.458, 9.185 ) ( 19.587, 9.245 )


SPACING: ( ParallelRunLength Spacing ) Special Wire of Net vdd & Pin of Cell adder3/ha_a_b/sum_reg  ( metal1 )
Bounds : ( 20.708, 9.042 ) ( 20.843, 9.055 )


SHORT: ( Metal Short ) Special Wire of Net gnd & Pin of Cell adder3/ha_a_b/cout_reg  ( metal1 )
Bounds : ( 20.296, 6.585 ) ( 20.476, 6.715 )


SHORT: ( Metal Short ) Special Wire of Net vdd & Pin of Cell adder3/ha_ab_c/cout_reg  ( metal1 )
Bounds : ( 17.081, 9.055 ) ( 17.146, 9.185 )


SHORT: ( Metal Short ) Special Wire of Net vdd & Blockage of Cell adder3/ha_ab_c/cout_reg  ( metal1 )
Bounds : ( 17.222, 9.094 ) ( 17.386, 9.185 )


SHORT: ( Metal Short ) Special Wire of Net vdd & Pin of Cell adder3/ha_ab_c/cout_reg  ( metal1 )
Bounds : ( 17.466, 9.163 ) ( 17.601, 9.185 )


SHORT: ( Metal Short ) Special Wire of Net vdd & Pin of Cell adder3/ha_ab_c/cout_reg  ( metal1 )
Bounds : ( 17.537, 9.055 ) ( 17.601, 9.185 )


SHORT: ( Metal Short ) Special Wire of Net vdd & Blockage of Cell adder3/ha_ab_c/cout_reg  ( metal1 )
Bounds : ( 17.671, 9.094 ) ( 17.736, 9.185 )


SHORT: ( Metal Short ) Special Wire of Net vdd & Pin of Cell adder3/ha_ab_c/cout_reg  ( metal1 )
Bounds : ( 17.816, 9.055 ) ( 18.011, 9.185 )


SHORT: ( Metal Short ) Special Wire of Net vdd & Pin of Cell adder3/ha_ab_c/cout_reg  ( metal1 )
Bounds : ( 17.816, 9.179 ) ( 18.376, 9.185 )


SHORT: ( Metal Short ) Special Wire of Net vdd & Blockage of Cell adder3/ha_ab_c/cout_reg  ( metal1 )
Bounds : ( 18.111, 9.055 ) ( 18.177, 9.113 )


SHORT: ( Metal Short ) Special Wire of Net vdd & Pin of Cell adder3/ha_ab_c/cout_reg  ( metal1 )
Bounds : ( 18.242, 9.055 ) ( 18.376, 9.185 )


SHORT: ( Metal Short ) Special Wire of Net vdd & Blockage of Cell adder3/ha_ab_c/cout_reg  ( metal1 )
Bounds : ( 18.507, 9.055 ) ( 18.572, 9.185 )


SHORT: ( Metal Short ) Special Wire of Net vdd & Pin of Cell adder3/ha_ab_c/U3  ( metal1 )
Bounds : ( 18.669, 9.055 ) ( 18.734, 9.185 )


SHORT: ( Metal Short ) Special Wire of Net vdd & Pin of Cell adder3/ha_a_b/sum_reg  ( metal1 )
Bounds : ( 19.288, 9.055 ) ( 19.353, 9.185 )


SPACING: ( ParallelRunLength Spacing ) Special Wire of Net vdd & Pin of Cell adder3/ha_ab_c/cout_reg  ( metal1 )
Bounds : ( 17.146, 9.019 ) ( 17.251, 9.055 )


SPACING: ( ParallelRunLength Spacing ) Special Wire of Net vdd & Pin of Cell adder3/ha_ab_c/cout_reg  ( metal1 )
Bounds : ( 17.316, 9.024 ) ( 17.382, 9.055 )


SPACING: ( ParallelRunLength Spacing ) Special Wire of Net vdd & Pin of Cell adder3/ha_ab_c/cout_reg  ( metal1 )
Bounds : ( 17.601, 9.028 ) ( 17.816, 9.055 )


SPACING: ( ParallelRunLength Spacing ) Special Wire of Net vdd & Pin of Cell adder3/ha_ab_c/U3  ( metal1 )
Bounds : ( 18.572, 9.051 ) ( 18.847, 9.055 )


SPACING: ( ParallelRunLength Spacing ) Special Wire of Net vdd & Pin of Cell adder3/ha_a_b/sum_reg  ( metal1 )
Bounds : ( 19.072, 9.011 ) ( 19.372, 9.055 )


SHORT: ( Metal Short ) Special Wire of Net vdd & Blockage of Cell adder3/ha_ab_c/cout_reg  ( metal1 )
Bounds : ( 19.007, 9.055 ) ( 19.118, 9.185 )


SHORT: ( Metal Short ) Special Wire of Net vdd & Pin of Cell adder2/ha_a_b/cout_reg  ( metal1 )
Bounds : ( 12.920, 9.055 ) ( 12.986, 9.185 )


SHORT: ( Metal Short ) Special Wire of Net vdd & Blockage of Cell adder2/ha_a_b/cout_reg  ( metal1 )
Bounds : ( 13.061, 9.055 ) ( 13.226, 9.175 )


SHORT: ( Metal Short ) Special Wire of Net vdd & Blockage of Cell adder2/ha_a_b/cout_reg  ( metal1 )
Bounds : ( 13.061, 9.055 ) ( 13.125, 9.185 )


SHORT: ( Metal Short ) Special Wire of Net vdd & Pin of Cell adder2/ha_a_b/cout_reg  ( metal1 )
Bounds : ( 13.306, 9.109 ) ( 13.441, 9.175 )


SHORT: ( Metal Short ) Special Wire of Net vdd & Pin of Cell adder2/ha_a_b/cout_reg  ( metal1 )
Bounds : ( 13.375, 9.055 ) ( 13.441, 9.175 )


SHORT: ( Metal Short ) Special Wire of Net vdd & Blockage of Cell adder2/ha_a_b/cout_reg  ( metal1 )
Bounds : ( 13.510, 9.055 ) ( 13.575, 9.185 )


SHORT: ( Metal Short ) Special Wire of Net vdd & Pin of Cell adder2/U3  ( metal1 )
Bounds : ( 13.583, 9.055 ) ( 14.722, 9.144 )


SHORT: ( Metal Short ) Special Wire of Net vdd & Pin of Cell adder2/ha_a_b/cout_reg  ( metal1 )
Bounds : ( 13.656, 9.125 ) ( 14.215, 9.185 )


SHORT: ( Metal Short ) Special Wire of Net vdd & Blockage of Cell adder2/ha_a_b/cout_reg  ( metal1 )
Bounds : ( 14.345, 9.055 ) ( 14.410, 9.185 )


SHORT: ( Metal Short ) Special Wire of Net vdd & Blockage of Cell adder2/ha_a_b/cout_reg  ( metal1 )
Bounds : ( 14.845, 9.055 ) ( 14.910, 9.185 )


SHORT: ( Metal Short ) Special Wire of Net gnd & Blockage of Cell adder2/cout_reg  ( metal1 )
Bounds : ( 14.979, 11.525 ) ( 15.044, 11.544 )


SHORT: ( Metal Short ) Special Wire of Net vdd & Pin of Cell adder2/ha_a_b/cout_reg  ( metal1 )
Bounds : ( 15.090, 9.099 ) ( 15.241, 9.165 )


SHORT: ( Metal Short ) Special Wire of Net gnd & Pin of Cell adder2/cout_reg  ( metal1 )
Bounds : ( 15.124, 11.525 ) ( 16.029, 11.584 )


SHORT: ( Metal Short ) Special Wire of Net vdd & Pin of Cell adder2/ha_a_b/cout_reg  ( metal1 )
Bounds : ( 15.175, 9.099 ) ( 15.241, 9.185 )


SHORT: ( Metal Short ) Special Wire of Net vdd & Pin of Cell adder2/ha_a_b/cout_reg  ( metal1 )
Bounds : ( 15.306, 9.055 ) ( 15.383, 9.155 )


SPACING: ( ParallelRunLength Spacing ) Special Wire of Net vdd & Blockage of Cell adder2/ha_a_b/cout_reg  ( metal1 )
Bounds : ( 13.125, 9.185 ) ( 13.510, 9.240 )


SPACING: ( ParallelRunLength Spacing ) Special Wire of Net vdd & Pin of Cell adder2/ha_a_b/cout_reg  ( metal1 )
Bounds : ( 15.396, 9.185 ) ( 15.460, 9.250 )


SHORT: ( Metal Short ) Special Wire of Net vdd & Pin of Cell adder2/ha_a_b/cout_reg  ( metal1 )
Bounds : ( 13.656, 9.055 ) ( 13.885, 9.185 )


SHORT: ( Metal Short ) Special Wire of Net vdd & Pin of Cell adder2/ha_a_b/cout_reg  ( metal1 )
Bounds : ( 14.080, 9.055 ) ( 14.260, 9.185 )


SHORT: ( Metal Short ) Special Wire of Net gnd & Blockage of Cell cout_reg  ( metal1 )
Bounds : ( 16.180, 6.585 ) ( 16.315, 6.624 )


SHORT: ( Metal Short ) Special Wire of Net gnd & Blockage of Cell cout_reg  ( metal1 )
Bounds : ( 16.380, 6.585 ) ( 16.445, 6.715 )


SHORT: ( Metal Short ) Special Wire of Net gnd & Pin of Cell cout_reg  ( metal1 )
Bounds : ( 16.510, 6.585 ) ( 16.575, 6.715 )


SHORT: ( Metal Short ) Special Wire of Net gnd & Blockage of Cell adder3/cout_reg  ( metal1 )
Bounds : ( 16.593, 6.585 ) ( 16.658, 6.715 )


SHORT: ( Metal Short ) Special Wire of Net gnd & Pin of Cell adder3/cout_reg  ( metal1 )
Bounds : ( 16.923, 6.585 ) ( 16.988, 6.715 )


SHORT: ( Metal Short ) Special Wire of Net gnd & Pin of Cell adder3/cout_reg  ( metal1 )
Bounds : ( 17.143, 6.585 ) ( 17.208, 6.715 )


SHORT: ( Metal Short ) Special Wire of Net gnd & Blockage of Cell adder3/U3  ( metal1 )
Bounds : ( 17.674, 6.585 ) ( 17.740, 6.715 )


SHORT: ( Metal Short ) Special Wire of Net gnd & Pin of Cell adder3/ha_a_b/cout_reg  ( metal1 )
Bounds : ( 18.226, 6.585 ) ( 18.292, 6.715 )


SHORT: ( Metal Short ) Special Wire of Net gnd & Pin of Cell adder3/U3  ( metal1 )
Bounds : ( 18.330, 6.585 ) ( 18.440, 6.715 )


SHORT: ( Metal Short ) Special Wire of Net gnd & Blockage of Cell adder3/ha_a_b/cout_reg  ( metal1 )
Bounds : ( 18.486, 6.585 ) ( 18.576, 6.694 )


SHORT: ( Metal Short ) Special Wire of Net gnd & Blockage of Cell adder3/ha_a_b/cout_reg  ( metal1 )
Bounds : ( 18.837, 6.585 ) ( 18.902, 6.715 )


SHORT: ( Metal Short ) Special Wire of Net gnd & Blockage of Cell adder3/ha_a_b/cout_reg  ( metal1 )
Bounds : ( 18.966, 6.585 ) ( 19.031, 6.629 )


SHORT: ( Metal Short ) Special Wire of Net gnd & Pin of Cell adder3/ha_a_b/cout_reg  ( metal1 )
Bounds : ( 19.126, 6.585 ) ( 19.191, 6.715 )


SHORT: ( Metal Short ) Special Wire of Net gnd & Blockage of Cell adder3/ha_a_b/cout_reg  ( metal1 )
Bounds : ( 19.312, 6.585 ) ( 19.376, 6.704 )


SPACING: ( ParallelRunLength Spacing ) Special Wire of Net gnd & Blockage of Cell adder3/ha_a_b/cout_reg  ( metal1 )
Bounds : ( 18.440, 6.715 ) ( 18.837, 6.759 )


SHORT: ( Metal Short ) Special Wire of Net gnd & Pin of Cell cout_reg  ( metal1 )
Bounds : ( 16.730, 6.585 ) ( 16.858, 6.715 )


SHORT: ( Metal Short ) Special Wire of Net gnd & Pin of Cell adder3/ha_a_b/cout_reg  ( metal1 )
Bounds : ( 18.042, 6.585 ) ( 18.115, 6.715 )


SHORT: ( Metal Short ) Special Wire of Net gnd & Blockage of Cell adder2/ha_a_b/U3  ( metal1 )
Bounds : ( 12.964, 6.585 ) ( 13.028, 6.715 )


SHORT: ( Metal Short ) Special Wire of Net gnd & Blockage of Cell adder2/ha_a_b/U4  ( metal1 )
Bounds : ( 13.133, 6.585 ) ( 13.198, 6.715 )


SHORT: ( Metal Short ) Special Wire of Net gnd & Pin of Cell adder2/ha_a_b/U3  ( metal1 )
Bounds : ( 13.304, 6.585 ) ( 13.368, 6.715 )


SHORT: ( Metal Short ) Special Wire of Net gnd & Pin of Cell cout_reg  ( metal1 )
Bounds : ( 14.255, 6.585 ) ( 14.320, 6.715 )


SHORT: ( Metal Short ) Special Wire of Net gnd & Pin of Cell cout_reg  ( metal1 )
Bounds : ( 14.440, 6.604 ) ( 14.505, 6.715 )


SHORT: ( Metal Short ) Special Wire of Net gnd & Blockage of Cell cout_reg  ( metal1 )
Bounds : ( 14.570, 6.585 ) ( 14.635, 6.715 )


SHORT: ( Metal Short ) Special Wire of Net gnd & Pin of Cell adder3/cout_reg  ( metal1 )
Bounds : ( 14.668, 6.585 ) ( 15.063, 6.630 )


SHORT: ( Metal Short ) Special Wire of Net gnd & Blockage of Cell adder3/cout_reg  ( metal1 )
Bounds : ( 14.983, 6.695 ) ( 15.048, 6.715 )


SHORT: ( Metal Short ) Special Wire of Net gnd & Blockage of Cell cout_reg  ( metal1 )
Bounds : ( 15.050, 6.585 ) ( 15.115, 6.715 )


SHORT: ( Metal Short ) Special Wire of Net gnd & Blockage of Cell adder3/cout_reg  ( metal1 )
Bounds : ( 15.593, 6.585 ) ( 15.658, 6.715 )


SHORT: ( Metal Short ) Special Wire of Net gnd & Pin of Cell cout_reg  ( metal1 )
Bounds : ( 15.670, 6.585 ) ( 15.735, 6.715 )


SHORT: ( Metal Short ) Special Wire of Net gnd & Pin of Cell adder3/cout_reg  ( metal1 )
Bounds : ( 15.753, 6.640 ) ( 15.818, 6.715 )


SHORT: ( Metal Short ) Special Wire of Net gnd & Blockage of Cell cout_reg  ( metal1 )
Bounds : ( 15.800, 6.619 ) ( 15.865, 6.715 )


SHORT: ( Metal Short ) Special Wire of Net gnd & Blockage of Cell adder3/cout_reg  ( metal1 )
Bounds : ( 15.938, 6.585 ) ( 16.003, 6.715 )


SPACING: ( ParallelRunLength Spacing ) Special Wire of Net gnd & Blockage of Cell cout_reg  ( metal1 )
Bounds : ( 14.855, 6.554 ) ( 15.050, 6.585 )


SPACING: ( ParallelRunLength Spacing ) Special Wire of Net gnd & Blockage of Cell adder3/cout_reg  ( metal1 )
Bounds : ( 15.658, 6.575 ) ( 15.938, 6.585 )


SHORT: ( Metal Short ) Special Wire of Net gnd & Pin of Cell adder3/cout_reg  ( metal1 )
Bounds : ( 14.668, 6.585 ) ( 14.790, 6.715 )


SHORT: ( Metal Short ) Special Wire of Net gnd & Blockage of Cell adder3/cout_reg  ( metal1 )
Bounds : ( 15.138, 6.585 ) ( 15.245, 6.715 )


SHORT: ( Metal Short ) Special Wire of Net gnd & Blockage of Cell adder3/cout_reg  ( metal1 )
Bounds : ( 15.268, 6.585 ) ( 15.590, 6.715 )


SHORT: ( Metal Short ) Special Wire of Net gnd & Blockage of Cell cout_reg  ( metal1 )
Bounds : ( 15.800, 6.689 ) ( 16.445, 6.715 )


SHORT: ( Metal Short ) Special Wire of Net gnd & Blockage of Cell adder3/cout_reg  ( metal1 )
Bounds : ( 15.938, 6.650 ) ( 16.658, 6.715 )


SHORT: ( Metal Short ) Special Wire of Net gnd & Pin of Cell adder3/cout_reg  ( metal1 )
Bounds : ( 16.068, 6.585 ) ( 16.203, 6.585 )


SHORT: ( Metal Short ) Special Wire of Net vdd & Pin of Cell adder3/ha_ab_c/cout_reg  ( metal1 )
Bounds : ( 19.251, 9.153 ) ( 19.402, 9.185 )


SHORT: ( Metal Short ) Special Wire of Net vdd & Blockage of Cell adder1/cout_reg  ( metal1 )
Bounds : ( 9.729, 9.055 ) ( 9.793, 9.185 )


SHORT: ( Metal Short ) Special Wire of Net vdd & Blockage of Cell adder1/cout_reg  ( metal1 )
Bounds : ( 9.884, 9.185 ) ( 9.948, 9.185 )


SHORT: ( Metal Short ) Special Wire of Net vdd & Blockage of Cell adder2/ha_ab_c/U3  ( metal1 )
Bounds : ( 10.336, 9.055 ) ( 10.836, 9.063 )


SHORT: ( Metal Short ) Special Wire of Net vdd & Pin of Cell adder2/ha_ab_c/U3  ( metal1 )
Bounds : ( 10.341, 9.146 ) ( 10.476, 9.185 )


SHORT: ( Metal Short ) Special Wire of Net gnd & Pin of Cell adder2/ha_ab_c/cout_reg  ( metal1 )
Bounds : ( 10.344, 11.525 ) ( 10.408, 11.546 )


SHORT: ( Metal Short ) Special Wire of Net vdd & Pin of Cell adder2/ha_ab_c/U3  ( metal1 )
Bounds : ( 10.541, 9.146 ) ( 10.676, 9.185 )


SHORT: ( Metal Short ) Special Wire of Net vdd & Blockage of Cell adder1/cout_reg  ( metal1 )
Bounds : ( 10.554, 9.055 ) ( 10.618, 9.185 )


SHORT: ( Metal Short ) Special Wire of Net gnd & Blockage of Cell adder2/ha_ab_c/cout_reg  ( metal1 )
Bounds : ( 10.658, 11.525 ) ( 11.203, 11.576 )


SHORT: ( Metal Short ) Special Wire of Net vdd & Blockage of Cell adder1/cout_reg  ( metal1 )
Bounds : ( 10.684, 9.055 ) ( 10.748, 9.185 )


SHORT: ( Metal Short ) Special Wire of Net vdd & Blockage of Cell adder2/ha_ab_c/U3  ( metal1 )
Bounds : ( 10.771, 9.055 ) ( 10.836, 9.185 )


SHORT: ( Metal Short ) Special Wire of Net vdd & Pin of Cell adder2/ha_ab_c/U3  ( metal1 )
Bounds : ( 10.934, 9.055 ) ( 10.998, 9.185 )


SHORT: ( Metal Short ) Special Wire of Net vdd & Pin of Cell adder2/ha_ab_c/U3  ( metal1 )
Bounds : ( 11.111, 9.055 ) ( 11.176, 9.185 )


SPACING: ( ParallelRunLength Spacing ) Special Wire of Net vdd & Blockage of Cell adder2/ha_ab_c/U3  ( metal1 )
Bounds : ( 9.953, 9.030 ) ( 10.336, 9.055 )


SPACING: ( ParallelRunLength Spacing ) Special Wire of Net vdd & Pin of Cell adder1/cout_reg  ( metal1 )
Bounds : ( 10.901, 9.028 ) ( 10.934, 9.055 )


SPACING: ( ParallelRunLength Spacing ) Special Wire of Net gnd & Pin of Cell adder2/ha_ab_c/cout_reg  ( metal1 )
Bounds : ( 11.759, 11.496 ) ( 12.663, 11.525 )


SHORT: ( Metal Short ) Special Wire of Net vdd & Blockage of Cell adder1/ha_ab_c/cout_reg  ( metal1 )
Bounds : ( 6.494, 9.142 ) ( 6.559, 9.185 )


SHORT: ( Metal Short ) Special Wire of Net vdd & Pin of Cell adder1/U3  ( metal1 )
Bounds : ( 6.604, 9.055 ) ( 6.669, 9.185 )


SHORT: ( Metal Short ) Special Wire of Net vdd & Pin of Cell adder1/U3  ( metal1 )
Bounds : ( 6.679, 9.055 ) ( 6.773, 9.185 )


SHORT: ( Metal Short ) Special Wire of Net vdd & Blockage of Cell adder1/U3  ( metal1 )
Bounds : ( 6.789, 9.059 ) ( 6.854, 9.185 )


SHORT: ( Metal Short ) Special Wire of Net vdd & Pin of Cell adder1/U3  ( metal1 )
Bounds : ( 6.979, 9.055 ) ( 7.109, 9.185 )


SHORT: ( Metal Short ) Special Wire of Net vdd & Pin of Cell adder1/U3  ( metal1 )
Bounds : ( 7.239, 9.094 ) ( 7.374, 9.185 )


SHORT: ( Metal Short ) Special Wire of Net vdd & Pin of Cell adder1/ha_ab_c/cout_reg  ( metal1 )
Bounds : ( 7.614, 9.055 ) ( 7.749, 9.149 )


SHORT: ( Metal Short ) Special Wire of Net vdd & Pin of Cell adder1/cout_reg  ( metal1 )
Bounds : ( 8.693, 9.055 ) ( 8.759, 9.185 )


SHORT: ( Metal Short ) Special Wire of Net vdd & Blockage of Cell adder1/cout_reg  ( metal1 )
Bounds : ( 8.863, 9.055 ) ( 8.929, 9.185 )


SHORT: ( Metal Short ) Special Wire of Net vdd & Blockage of Cell adder1/cout_reg  ( metal1 )
Bounds : ( 9.054, 9.087 ) ( 9.118, 9.185 )


SHORT: ( Metal Short ) Special Wire of Net vdd & Pin of Cell adder1/cout_reg  ( metal1 )
Bounds : ( 9.543, 9.055 ) ( 9.608, 9.185 )


SPACING: ( ParallelRunLength Spacing ) Special Wire of Net vdd & Pin of Cell adder1/U3  ( metal1 )
Bounds : ( 7.229, 9.185 ) ( 8.249, 9.249 )


SPACING: ( ParallelRunLength Spacing ) Special Wire of Net vdd & Blockage of Cell adder1/cout_reg  ( metal1 )
Bounds : ( 8.929, 9.002 ) ( 9.059, 9.055 )


SHORT: ( Metal Short ) Special Wire of Net vdd & Pin of Cell adder1/ha_ab_c/cout_reg  ( metal1 )
Bounds : ( 8.434, 9.055 ) ( 8.524, 9.185 )


SHORT: ( Metal Short ) Special Wire of Net gnd & Pin of Cell adder2/ha_a_b/sum_reg  ( metal1 )
Bounds : ( 11.393, 6.585 ) ( 11.458, 6.715 )


SHORT: ( Metal Short ) Special Wire of Net gnd & Pin of Cell adder2/ha_a_b/sum_reg  ( metal1 )
Bounds : ( 11.393, 6.674 ) ( 12.298, 6.715 )


SHORT: ( Metal Short ) Special Wire of Net gnd & Blockage of Cell adder2/ha_a_b/sum_reg  ( metal1 )
Bounds : ( 11.523, 6.585 ) ( 12.168, 6.609 )


SHORT: ( Metal Short ) Special Wire of Net gnd & Blockage of Cell adder2/ha_a_b/U4  ( metal1 )
Bounds : ( 11.628, 6.585 ) ( 11.693, 6.715 )


SHORT: ( Metal Short ) Special Wire of Net gnd & Pin of Cell adder2/ha_a_b/U4  ( metal1 )
Bounds : ( 11.813, 6.585 ) ( 11.878, 6.715 )


SHORT: ( Metal Short ) Special Wire of Net gnd & Pin of Cell adder2/ha_a_b/sum_reg  ( metal1 )
Bounds : ( 12.233, 6.585 ) ( 12.298, 6.715 )


SHORT: ( Metal Short ) Special Wire of Net gnd & Pin of Cell adder2/ha_a_b/sum_reg  ( metal1 )
Bounds : ( 12.453, 6.585 ) ( 12.518, 6.715 )


SHORT: ( Metal Short ) Special Wire of Net gnd & Pin of Cell adder2/ha_a_b/U3  ( metal1 )
Bounds : ( 12.533, 6.585 ) ( 12.668, 6.661 )


SHORT: ( Metal Short ) Special Wire of Net gnd & Pin of Cell adder2/ha_a_b/U3  ( metal1 )
Bounds : ( 12.733, 6.585 ) ( 12.868, 6.661 )


SHORT: ( Metal Short ) Special Wire of Net gnd & Pin of Cell adder2/ha_a_b/U4  ( metal1 )
Bounds : ( 12.773, 6.585 ) ( 12.838, 6.715 )


SPACING: ( ParallelRunLength Spacing ) Special Wire of Net gnd & Pin of Cell adder2/ha_a_b/sum_reg  ( metal2 )
Bounds : ( 11.400, 6.549 ) ( 11.463, 6.585 )


SHORT: ( Metal Short ) Special Wire of Net gnd & Pin of Cell adder2/ha_ab_c/sum_reg  ( metal1 )
Bounds : ( 9.698, 6.585 ) ( 9.763, 6.715 )


SHORT: ( Metal Short ) Special Wire of Net gnd & Pin of Cell adder2/ha_ab_c/U4  ( metal1 )
Bounds : ( 10.064, 6.585 ) ( 10.543, 6.644 )


SHORT: ( Metal Short ) Special Wire of Net gnd & Pin of Cell adder2/ha_ab_c/U4  ( metal1 )
Bounds : ( 10.064, 6.585 ) ( 10.128, 6.715 )


SHORT: ( Metal Short ) Special Wire of Net gnd & Pin of Cell adder2/ha_ab_c/U4  ( metal1 )
Bounds : ( 10.064, 6.709 ) ( 10.198, 6.715 )


SHORT: ( Metal Short ) Special Wire of Net gnd & Pin of Cell adder2/ha_a_b/sum_reg  ( metal1 )
Bounds : ( 10.163, 6.585 ) ( 10.228, 6.715 )


SHORT: ( Metal Short ) Special Wire of Net gnd & Blockage of Cell adder2/ha_ab_c/U4  ( metal1 )
Bounds : ( 10.264, 6.709 ) ( 10.399, 6.715 )


SHORT: ( Metal Short ) Special Wire of Net gnd & Blockage of Cell adder2/ha_a_b/sum_reg  ( metal1 )
Bounds : ( 10.293, 6.585 ) ( 10.358, 6.680 )


SHORT: ( Metal Short ) Special Wire of Net gnd & Blockage of Cell adder2/ha_a_b/sum_reg  ( metal1 )
Bounds : ( 10.423, 6.585 ) ( 10.513, 6.689 )


SHORT: ( Metal Short ) Special Wire of Net gnd & Pin of Cell adder2/ha_ab_c/U4  ( metal1 )
Bounds : ( 10.479, 6.585 ) ( 10.543, 6.715 )


SHORT: ( Metal Short ) Special Wire of Net gnd & Pin of Cell adder2/ha_ab_c/U4  ( metal1 )
Bounds : ( 10.479, 6.709 ) ( 10.613, 6.715 )


SHORT: ( Metal Short ) Special Wire of Net gnd & Blockage of Cell adder2/ha_a_b/sum_reg  ( metal1 )
Bounds : ( 10.903, 6.585 ) ( 10.968, 6.624 )


SHORT: ( Metal Short ) Special Wire of Net gnd & Pin of Cell adder2/ha_a_b/sum_reg  ( metal1 )
Bounds : ( 11.063, 6.585 ) ( 11.128, 6.715 )


SPACING: ( ParallelRunLength Spacing ) Special Wire of Net gnd & Pin of Cell adder2/ha_ab_c/U4  ( metal1 )
Bounds : ( 9.793, 6.564 ) ( 9.858, 6.585 )


SHORT: ( Metal Short ) Special Wire of Net gnd & Pin of Cell adder2/ha_ab_c/U4  ( metal1 )
Bounds : ( 9.924, 6.585 ) ( 10.043, 6.715 )


SHORT: ( Metal Short ) Special Wire of Net gnd & Blockage of Cell adder2/ha_ab_c/U4  ( metal1 )
Bounds : ( 10.753, 6.585 ) ( 10.838, 6.715 )


SHORT: ( Metal Short ) Special Wire of Net gnd & Blockage of Cell adder2/ha_a_b/sum_reg  ( metal1 )
Bounds : ( 11.248, 6.585 ) ( 11.313, 6.700 )


SPACING: ( ParallelRunLength Spacing ) Special Wire of Net gnd & Blockage of Cell adder2/ha_ab_c/U4  ( metal1 )
Bounds : ( 10.399, 6.715 ) ( 10.753, 6.754 )


SHORT: ( Metal Short ) Special Wire of Net gnd & Blockage of Cell adder2/ha_ab_c/sum_reg  ( metal1 )
Bounds : ( 8.148, 6.585 ) ( 8.213, 6.715 )


SHORT: ( Metal Short ) Special Wire of Net gnd & Pin of Cell adder2/ha_ab_c/sum_reg  ( metal1 )
Bounds : ( 8.308, 6.585 ) ( 8.373, 6.715 )


SHORT: ( Metal Short ) Special Wire of Net gnd & Blockage of Cell adder2/ha_ab_c/sum_reg  ( metal1 )
Bounds : ( 8.493, 6.585 ) ( 8.558, 6.715 )


SHORT: ( Metal Short ) Special Wire of Net gnd & Pin of Cell adder2/ha_ab_c/sum_reg  ( metal1 )
Bounds : ( 8.638, 6.621 ) ( 8.703, 6.715 )


SHORT: ( Metal Short ) Special Wire of Net gnd & Blockage of Cell adder2/ha_ab_c/sum_reg  ( metal1 )
Bounds : ( 8.768, 6.681 ) ( 8.833, 6.715 )


SHORT: ( Metal Short ) Special Wire of Net gnd & Blockage of Cell adder2/ha_ab_c/sum_reg  ( metal1 )
Bounds : ( 9.148, 6.585 ) ( 9.213, 6.686 )


SHORT: ( Metal Short ) Special Wire of Net gnd & Blockage of Cell adder2/ha_ab_c/sum_reg  ( metal1 )
Bounds : ( 9.148, 6.621 ) ( 9.283, 6.686 )


SHORT: ( Metal Short ) Special Wire of Net gnd & Blockage of Cell adder2/ha_ab_c/U4  ( metal1 )
Bounds : ( 9.248, 6.585 ) ( 9.314, 6.715 )


SHORT: ( Metal Short ) Special Wire of Net gnd & Blockage of Cell adder2/ha_ab_c/sum_reg  ( metal1 )
Bounds : ( 9.348, 6.585 ) ( 9.413, 6.715 )


SHORT: ( Metal Short ) Special Wire of Net gnd & Pin of Cell adder2/ha_ab_c/U4  ( metal1 )
Bounds : ( 9.453, 6.585 ) ( 9.608, 6.664 )


SHORT: ( Metal Short ) Special Wire of Net gnd & Pin of Cell adder2/ha_ab_c/sum_reg  ( metal1 )
Bounds : ( 9.478, 6.585 ) ( 9.543, 6.715 )


SPACING: ( ParallelRunLength Spacing ) Special Wire of Net gnd & Blockage of Cell adder2/ha_ab_c/sum_reg  ( metal1 )
Bounds : ( 8.558, 6.556 ) ( 9.148, 6.585 )


SPACING: ( ParallelRunLength Spacing ) Special Wire of Net gnd & Blockage of Cell adder2/ha_ab_c/sum_reg  ( metal1 )
Bounds : ( 9.323, 6.556 ) ( 9.348, 6.585 )


SHORT: ( Metal Short ) Special Wire of Net gnd & Blockage of Cell sum_reg[2]  ( metal1 )
Bounds : ( 6.488, 6.585 ) ( 6.578, 6.715 )


SHORT: ( Metal Short ) Special Wire of Net gnd & Pin of Cell sum_reg[2]  ( metal1 )
Bounds : ( 6.643, 6.585 ) ( 6.708, 6.715 )


SHORT: ( Metal Short ) Special Wire of Net gnd & Blockage of Cell adder2/sum_reg  ( metal1 )
Bounds : ( 6.830, 6.694 ) ( 6.965, 6.715 )


SHORT: ( Metal Short ) Special Wire of Net gnd & Blockage of Cell adder2/sum_reg  ( metal1 )
Bounds : ( 7.005, 6.585 ) ( 7.095, 6.628 )


SHORT: ( Metal Short ) Special Wire of Net gnd & Blockage of Cell adder2/sum_reg  ( metal1 )
Bounds : ( 7.030, 6.585 ) ( 7.095, 6.715 )


SHORT: ( Metal Short ) Special Wire of Net gnd & Pin of Cell adder2/sum_reg  ( metal1 )
Bounds : ( 7.380, 6.585 ) ( 7.445, 6.715 )


SHORT: ( Metal Short ) Special Wire of Net gnd & Pin of Cell adder2/ha_ab_c/sum_reg  ( metal1 )
Bounds : ( 7.380, 6.666 ) ( 7.473, 6.715 )


SHORT: ( Metal Short ) Special Wire of Net gnd & Blockage of Cell adder2/ha_ab_c/sum_reg  ( metal1 )
Bounds : ( 7.538, 6.585 ) ( 7.603, 6.715 )


SHORT: ( Metal Short ) Special Wire of Net gnd & Blockage of Cell adder2/ha_ab_c/sum_reg  ( metal1 )
Bounds : ( 7.668, 6.621 ) ( 7.758, 6.715 )


SHORT: ( Metal Short ) Special Wire of Net gnd & Blockage of Cell adder2/ha_ab_c/sum_reg  ( metal1 )
Bounds : ( 7.693, 6.585 ) ( 7.758, 6.715 )


SHORT: ( Metal Short ) Special Wire of Net gnd & Blockage of Cell adder2/sum_reg  ( metal1 )
Bounds : ( 6.830, 6.585 ) ( 6.928, 6.715 )


SHORT: ( Metal Short ) Special Wire of Net gnd & Pin of Cell adder2/sum_reg  ( metal1 )
Bounds : ( 7.160, 6.585 ) ( 7.288, 6.715 )


SHORT: ( Metal Short ) Special Wire of Net gnd & Blockage of Cell adder2/ha_ab_c/sum_reg  ( metal1 )
Bounds : ( 7.823, 6.585 ) ( 8.083, 6.616 )


SHORT: ( Metal Short ) Special Wire of Net gnd & Blockage of Cell adder2/ha_ab_c/sum_reg  ( metal1 )
Bounds : ( 8.018, 6.585 ) ( 8.083, 6.715 )


SPACING: ( ParallelRunLength Spacing ) Special Wire of Net gnd & Blockage of Cell adder2/ha_ab_c/sum_reg  ( metal1 )
Bounds : ( 8.833, 6.715 ) ( 9.348, 6.751 )


SHORT: ( Metal Short ) Special Wire of Net vdd & Pin of Cell adder1/ha_a_b/cout_reg  ( metal1 )
Bounds : ( 4.233, 9.055 ) ( 4.298, 9.185 )


SHORT: ( Metal Short ) Special Wire of Net vdd & Pin of Cell adder1/ha_a_b/cout_reg  ( metal1 )
Bounds : ( 4.468, 9.055 ) ( 4.532, 9.185 )


SHORT: ( Metal Short ) Special Wire of Net vdd & Blockage of Cell adder1/ha_a_b/cout_reg  ( metal1 )
Bounds : ( 4.637, 9.055 ) ( 4.832, 9.089 )


SHORT: ( Metal Short ) Special Wire of Net vdd & Blockage of Cell adder1/ha_a_b/cout_reg  ( metal1 )
Bounds : ( 4.637, 9.055 ) ( 4.702, 9.185 )


SHORT: ( Metal Short ) Special Wire of Net vdd & Blockage of Cell adder1/ha_a_b/cout_reg  ( metal1 )
Bounds : ( 4.827, 9.174 ) ( 4.892, 9.185 )


SHORT: ( Metal Short ) Special Wire of Net vdd & Pin of Cell adder1/ha_a_b/cout_reg  ( metal1 )
Bounds : ( 5.318, 9.055 ) ( 5.383, 9.185 )


SHORT: ( Metal Short ) Special Wire of Net vdd & Blockage of Cell adder1/ha_a_b/cout_reg  ( metal1 )
Bounds : ( 5.503, 9.055 ) ( 5.568, 9.185 )


SHORT: ( Metal Short ) Special Wire of Net vdd & Blockage of Cell adder1/ha_a_b/cout_reg  ( metal1 )
Bounds : ( 5.727, 9.055 ) ( 6.392, 9.116 )


SHORT: ( Metal Short ) Special Wire of Net vdd & Pin of Cell adder1/ha_ab_c/cout_reg  ( metal1 )
Bounds : ( 5.959, 9.132 ) ( 6.024, 9.185 )


SHORT: ( Metal Short ) Special Wire of Net vdd & Pin of Cell adder1/ha_ab_c/cout_reg  ( metal1 )
Bounds : ( 6.194, 9.055 ) ( 6.259, 9.185 )


SHORT: ( Metal Short ) Special Wire of Net vdd & Blockage of Cell adder1/ha_a_b/cout_reg  ( metal1 )
Bounds : ( 6.327, 9.055 ) ( 6.392, 9.185 )


SPACING: ( ParallelRunLength Spacing ) Special Wire of Net vdd & Pin of Cell adder1/ha_a_b/cout_reg  ( metal1 )
Bounds : ( 4.952, 9.054 ) ( 5.017, 9.055 )


SHORT: ( Metal Short ) Special Wire of Net gnd & Pin of Cell sum_reg[2]  ( metal1 )
Bounds : ( 4.388, 6.585 ) ( 4.453, 6.715 )


SHORT: ( Metal Short ) Special Wire of Net gnd & Pin of Cell sum_reg[2]  ( metal1 )
Bounds : ( 4.388, 6.633 ) ( 4.783, 6.698 )


SHORT: ( Metal Short ) Special Wire of Net gnd & Blockage of Cell sum_reg[2]  ( metal1 )
Bounds : ( 4.988, 6.585 ) ( 5.248, 6.715 )


SHORT: ( Metal Short ) Special Wire of Net gnd & Blockage of Cell adder2/sum_reg  ( metal1 )
Bounds : ( 5.220, 6.609 ) ( 5.285, 6.715 )


SHORT: ( Metal Short ) Special Wire of Net gnd & Blockage of Cell sum_reg[2]  ( metal1 )
Bounds : ( 5.313, 6.585 ) ( 5.723, 6.642 )


SHORT: ( Metal Short ) Special Wire of Net gnd & Pin of Cell sum_reg[2]  ( metal1 )
Bounds : ( 5.473, 6.707 ) ( 5.538, 6.715 )


SHORT: ( Metal Short ) Special Wire of Net gnd & Blockage of Cell adder2/sum_reg  ( metal1 )
Bounds : ( 5.505, 6.585 ) ( 5.765, 6.688 )


SHORT: ( Metal Short ) Special Wire of Net gnd & Pin of Cell sum_reg[2]  ( metal1 )
Bounds : ( 5.788, 6.585 ) ( 5.923, 6.653 )


SHORT: ( Metal Short ) Special Wire of Net gnd & Blockage of Cell adder2/sum_reg  ( metal1 )
Bounds : ( 5.830, 6.585 ) ( 5.895, 6.715 )


SHORT: ( Metal Short ) Special Wire of Net gnd & Pin of Cell adder2/sum_reg  ( metal1 )
Bounds : ( 5.990, 6.585 ) ( 6.055, 6.715 )


SHORT: ( Metal Short ) Special Wire of Net gnd & Blockage of Cell adder2/sum_reg  ( metal1 )
Bounds : ( 6.175, 6.585 ) ( 6.240, 6.715 )


SHORT: ( Metal Short ) Special Wire of Net gnd & Blockage of Cell sum_reg[2]  ( metal1 )
Bounds : ( 6.313, 6.585 ) ( 6.378, 6.715 )


SHORT: ( Metal Short ) Special Wire of Net gnd & Pin of Cell adder2/sum_reg  ( metal1 )
Bounds : ( 6.320, 6.694 ) ( 6.385, 6.715 )


SPACING: ( ParallelRunLength Spacing ) Special Wire of Net gnd & Blockage of Cell sum_reg[2]  ( metal1 )
Bounds : ( 4.528, 6.568 ) ( 4.793, 6.585 )


SPACING: ( ParallelRunLength Spacing ) Special Wire of Net gnd & Blockage of Cell sum_reg[2]  ( metal1 )
Bounds : ( 4.703, 6.715 ) ( 4.768, 6.762 )


SPACING: ( ParallelRunLength Spacing ) Special Wire of Net gnd & Blockage of Cell sum_reg[2]  ( metal1 )
Bounds : ( 4.970, 6.543 ) ( 5.300, 6.585 )


SPACING: ( ParallelRunLength Spacing ) Special Wire of Net gnd & Blockage of Cell adder2/sum_reg  ( metal1 )
Bounds : ( 5.765, 6.715 ) ( 6.313, 6.718 )


SPACING: ( ParallelRunLength Spacing ) Special Wire of Net gnd & Pin of Cell adder2/sum_reg  ( metal2 )
Bounds : ( 6.390, 6.585 ) ( 6.400, 6.715 )


SPACING: ( ParallelRunLength Spacing ) Special Wire of Net gnd & Pin of Cell adder2/sum_reg  ( metal2 )
Bounds : ( 6.400, 6.534 ) ( 6.405, 6.585 )


SHORT: ( Metal Short ) Special Wire of Net gnd & Blockage of Cell sum_reg[2]  ( metal1 )
Bounds : ( 4.858, 6.585 ) ( 4.970, 6.715 )


SHORT: ( Metal Short ) Special Wire of Net gnd & Blockage of Cell sum_reg[2]  ( metal1 )
Bounds : ( 5.313, 6.585 ) ( 5.440, 6.715 )


SHORT: ( Metal Short ) Special Wire of Net gnd & Blockage of Cell sum_reg[2]  ( metal1 )
Bounds : ( 5.658, 6.585 ) ( 5.765, 6.715 )


SHORT: ( Metal Short ) Special Wire of Net gnd & Blockage of Cell adder2/sum_reg  ( metal1 )
Bounds : ( 6.175, 6.585 ) ( 6.895, 6.628 )


SHORT: ( Metal Short ) Special Wire of Net vdd & Blockage of Cell adder1/ha_a_b/cout_reg  ( metal1 )
Bounds : ( 6.457, 9.055 ) ( 6.523, 9.185 )


SPACING: ( ParallelRunLength Spacing ) Special Wire of Net gnd & Blockage of Cell adder2/sum_reg  ( metal1 )
Bounds : ( 6.450, 6.715 ) ( 6.488, 6.753 )


SPACING: ( ParallelRunLength Spacing ) Special Wire of Net vdd & Pin of Cell adder2/ha_ab_c/cout_reg  ( metal1 )
Bounds : ( 10.291, 9.185 ) ( 12.920, 9.243 )


SPACING: ( ParallelRunLength Spacing ) Special Wire of Net gnd & Pin of Cell adder2/ha_a_b/U4  ( metal1 )
Bounds : ( 12.838, 6.715 ) ( 13.133, 6.726 )


SHORT: ( Metal Short ) Special Wire of Net gnd & Pin of Cell adder2/ha_ab_c/cout_reg  ( metal1 )
Bounds : ( 10.528, 11.525 ) ( 10.594, 11.655 )


SHORT: ( Metal Short ) Special Wire of Net gnd & Pin of Cell adder2/ha_ab_c/cout_reg  ( metal1 )
Bounds : ( 11.429, 11.525 ) ( 11.493, 11.655 )


SHORT: ( Metal Short ) Special Wire of Net gnd & Pin of Cell adder2/ha_ab_c/cout_reg  ( metal1 )
Bounds : ( 11.993, 11.561 ) ( 12.128, 11.655 )


SHORT: ( Metal Short ) Special Wire of Net gnd & Pin of Cell adder2/ha_ab_c/cout_reg  ( metal1 )
Bounds : ( 12.818, 11.525 ) ( 12.884, 11.655 )


SHORT: ( Metal Short ) Special Wire of Net gnd & Pin of Cell adder2/U3  ( metal1 )
Bounds : ( 13.583, 11.525 ) ( 14.722, 11.614 )


SHORT: ( Metal Short ) Special Wire of Net gnd & Pin of Cell adder2/cout_reg  ( metal1 )
Bounds : ( 13.709, 11.525 ) ( 13.774, 11.634 )


SHORT: ( Metal Short ) Special Wire of Net gnd & Pin of Cell adder2/cout_reg  ( metal1 )
Bounds : ( 13.894, 11.525 ) ( 13.959, 11.655 )


SHORT: ( Metal Short ) Special Wire of Net gnd & Blockage of Cell adder2/cout_reg  ( metal1 )
Bounds : ( 14.504, 11.525 ) ( 14.569, 11.655 )


SHORT: ( Metal Short ) Special Wire of Net gnd & Pin of Cell adder2/cout_reg  ( metal1 )
Bounds : ( 14.794, 11.525 ) ( 14.859, 11.655 )


SHORT: ( Metal Short ) Special Wire of Net gnd & Pin of Cell adder2/cout_reg  ( metal1 )
Bounds : ( 16.184, 11.525 ) ( 16.249, 11.655 )


SHORT: ( Metal Short ) Special Wire of Net gnd & Blockage of Cell adder3/ha_ab_c/U4  ( metal1 )
Bounds : ( 17.664, 11.525 ) ( 17.729, 11.655 )


SHORT: ( Metal Short ) Special Wire of Net gnd & Pin of Cell adder3/ha_ab_c/U4  ( metal1 )
Bounds : ( 17.849, 11.525 ) ( 17.914, 11.655 )


SHORT: ( Metal Short ) Special Wire of Net gnd & Pin of Cell adder3/ha_ab_c/U4  ( metal1 )
Bounds : ( 18.809, 11.525 ) ( 18.874, 11.655 )


SHORT: ( Metal Short ) Special Wire of Net gnd & Blockage of Cell adder3/ha_ab_c/U4  ( metal1 )
Bounds : ( 19.169, 11.525 ) ( 19.234, 11.655 )


  Total Violations : 422 Viols.
